{"/Users/hagio/dev/node/ecommerce-api/server/models/index.js":{"path":"/Users/hagio/dev/node/ecommerce-api/server/models/index.js","s":{"1":1,"2":1,"3":1,"4":1,"5":1,"6":1,"7":1,"8":1,"9":1,"10":0,"11":1,"12":1,"13":4,"14":3,"15":0,"16":3,"17":3,"18":1,"19":3,"20":0,"21":1,"22":1,"23":1},"b":{"1":[1,0],"2":[0,1],"3":[4,4],"4":[0,3],"5":[0,3]},"f":{},"fnMap":{},"statementMap":{"1":{"start":{"line":1,"column":0},"end":{"line":1,"column":25}},"2":{"start":{"line":2,"column":0},"end":{"line":2,"column":29}},"3":{"start":{"line":3,"column":0},"end":{"line":3,"column":39}},"4":{"start":{"line":5,"column":0},"end":{"line":5,"column":48}},"5":{"start":{"line":6,"column":0},"end":{"line":6,"column":50}},"6":{"start":{"line":7,"column":0},"end":{"line":7,"column":70}},"7":{"start":{"line":8,"column":0},"end":{"line":8,"column":14}},"8":{"start":{"line":10,"column":0},"end":{"line":10,"column":14}},"9":{"start":{"line":11,"column":0},"end":{"line":15,"column":1}},"10":{"start":{"line":12,"column":2},"end":{"line":12,"column":66}},"11":{"start":{"line":14,"column":2},"end":{"line":14,"column":87}},"12":{"start":{"line":17,"column":0},"end":{"line":24,"column":5}},"13":{"start":{"line":19,"column":18},"end":{"line":19,"column":66}},"14":{"start":{"line":21,"column":4},"end":{"line":21,"column":41}},"15":{"start":{"line":21,"column":34},"end":{"line":21,"column":41}},"16":{"start":{"line":22,"column":4},"end":{"line":22,"column":66}},"17":{"start":{"line":23,"column":4},"end":{"line":23,"column":27}},"18":{"start":{"line":26,"column":0},"end":{"line":30,"column":3}},"19":{"start":{"line":27,"column":2},"end":{"line":29,"column":3}},"20":{"start":{"line":28,"column":4},"end":{"line":28,"column":32}},"21":{"start":{"line":32,"column":0},"end":{"line":32,"column":25}},"22":{"start":{"line":33,"column":0},"end":{"line":33,"column":25}},"23":{"start":{"line":35,"column":0},"end":{"line":35,"column":20}}},"branchMap":{"1":{"line":6,"type":"binary-expr","locations":[{"start":{"line":6,"column":12},"end":{"line":6,"column":32}},{"start":{"line":6,"column":36},"end":{"line":6,"column":49}}]},"2":{"line":11,"type":"if","locations":[{"start":{"line":11,"column":0},"end":{"line":11,"column":0}},{"start":{"line":11,"column":0},"end":{"line":11,"column":0}}]},"3":{"line":19,"type":"binary-expr","locations":[{"start":{"line":19,"column":19},"end":{"line":19,"column":42}},{"start":{"line":19,"column":48},"end":{"line":19,"column":65}}]},"4":{"line":21,"type":"if","locations":[{"start":{"line":21,"column":4},"end":{"line":21,"column":4}},{"start":{"line":21,"column":4},"end":{"line":21,"column":4}}]},"5":{"line":27,"type":"if","locations":[{"start":{"line":27,"column":2},"end":{"line":27,"column":2}},{"start":{"line":27,"column":2},"end":{"line":27,"column":2}}]}}},"/Users/hagio/dev/node/ecommerce-api/server/models/product.js":{"path":"/Users/hagio/dev/node/ecommerce-api/server/models/product.js","s":{"1":1,"2":1,"3":1},"b":{},"f":{},"fnMap":{},"statementMap":{"1":{"start":{"line":1,"column":0},"end":{"line":38,"column":2}},"2":{"start":{"line":2,"column":2},"end":{"line":19,"column":5}},"3":{"start":{"line":37,"column":2},"end":{"line":37,"column":17}}},"branchMap":{}},"/Users/hagio/dev/node/ecommerce-api/server/models/review.js":{"path":"/Users/hagio/dev/node/ecommerce-api/server/models/review.js","s":{"1":1,"2":1,"3":1},"b":{},"f":{},"fnMap":{},"statementMap":{"1":{"start":{"line":1,"column":0},"end":{"line":23,"column":2}},"2":{"start":{"line":2,"column":2},"end":{"line":20,"column":5}},"3":{"start":{"line":22,"column":2},"end":{"line":22,"column":16}}},"branchMap":{}},"/Users/hagio/dev/node/ecommerce-api/server/models/user.js":{"path":"/Users/hagio/dev/node/ecommerce-api/server/models/user.js","s":{"1":1,"2":1,"3":1,"4":1},"b":{},"f":{},"fnMap":{},"statementMap":{"1":{"start":{"line":1,"column":0},"end":{"line":1,"column":33}},"2":{"start":{"line":3,"column":0},"end":{"line":49,"column":2}},"3":{"start":{"line":4,"column":2},"end":{"line":46,"column":5}},"4":{"start":{"line":48,"column":2},"end":{"line":48,"column":14}}},"branchMap":{}},"/Users/hagio/dev/node/ecommerce-api/server/server.js":{"path":"/Users/hagio/dev/node/ecommerce-api/server/server.js","s":{"1":1,"2":1,"3":1,"4":1,"5":1,"6":1,"7":1,"8":1},"b":{},"f":{},"fnMap":{},"statementMap":{"1":{"start":{"line":1,"column":0},"end":{"line":1,"column":35}},"2":{"start":{"line":3,"column":0},"end":{"line":3,"column":22}},"3":{"start":{"line":4,"column":0},"end":{"line":4,"column":33}},"4":{"start":{"line":5,"column":0},"end":{"line":5,"column":38}},"5":{"start":{"line":8,"column":0},"end":{"line":8,"column":37}},"6":{"start":{"line":11,"column":0},"end":{"line":11,"column":21}},"7":{"start":{"line":12,"column":0},"end":{"line":12,"column":23}},"8":{"start":{"line":14,"column":0},"end":{"line":14,"column":21}}},"branchMap":{}},"/Users/hagio/dev/node/ecommerce-api/server/api/api.js":{"path":"/Users/hagio/dev/node/ecommerce-api/server/api/api.js","s":{"1":1,"2":1,"3":1,"4":1,"5":1},"b":{},"f":{},"fnMap":{},"statementMap":{"1":{"start":{"line":1,"column":0},"end":{"line":1,"column":43}},"2":{"start":{"line":4,"column":0},"end":{"line":4,"column":54}},"3":{"start":{"line":5,"column":0},"end":{"line":5,"column":48}},"4":{"start":{"line":6,"column":0},"end":{"line":6,"column":48}},"5":{"start":{"line":8,"column":0},"end":{"line":8,"column":24}}},"branchMap":{}},"/Users/hagio/dev/node/ecommerce-api/server/api/products/routes.js":{"path":"/Users/hagio/dev/node/ecommerce-api/server/api/products/routes.js","s":{"1":1,"2":1,"3":1,"4":1,"5":1},"b":{},"f":{},"fnMap":{},"statementMap":{"1":{"start":{"line":1,"column":0},"end":{"line":1,"column":43}},"2":{"start":{"line":2,"column":0},"end":{"line":2,"column":43}},"3":{"start":{"line":4,"column":0},"end":{"line":5,"column":34}},"4":{"start":{"line":7,"column":0},"end":{"line":8,"column":36}},"5":{"start":{"line":10,"column":0},"end":{"line":10,"column":24}}},"branchMap":{}},"/Users/hagio/dev/node/ecommerce-api/server/api/products/controller.js":{"path":"/Users/hagio/dev/node/ecommerce-api/server/api/products/controller.js","s":{"1":1,"2":1,"3":0,"4":0,"5":0,"6":0,"7":1,"8":0,"9":0,"10":0,"11":0},"b":{},"f":{},"fnMap":{},"statementMap":{"1":{"start":{"line":1,"column":0},"end":{"line":1,"column":49}},"2":{"start":{"line":3,"column":0},"end":{"line":10,"column":2}},"3":{"start":{"line":4,"column":2},"end":{"line":9,"column":7}},"4":{"start":{"line":5,"column":22},"end":{"line":5,"column":40}},"5":{"start":{"line":7,"column":6},"end":{"line":7,"column":40}},"6":{"start":{"line":8,"column":6},"end":{"line":8,"column":58}},"7":{"start":{"line":12,"column":0},"end":{"line":19,"column":2}},"8":{"start":{"line":13,"column":2},"end":{"line":18,"column":7}},"9":{"start":{"line":14,"column":21},"end":{"line":14,"column":38}},"10":{"start":{"line":16,"column":6},"end":{"line":16,"column":48}},"11":{"start":{"line":17,"column":6},"end":{"line":17,"column":58}}},"branchMap":{}},"/Users/hagio/dev/node/ecommerce-api/server/api/users/routes.js":{"path":"/Users/hagio/dev/node/ecommerce-api/server/api/users/routes.js","s":{"1":1,"2":1,"3":1,"4":1},"b":{},"f":{},"fnMap":{},"statementMap":{"1":{"start":{"line":1,"column":0},"end":{"line":1,"column":43}},"2":{"start":{"line":2,"column":0},"end":{"line":2,"column":43}},"3":{"start":{"line":4,"column":0},"end":{"line":5,"column":29}},"4":{"start":{"line":7,"column":0},"end":{"line":7,"column":24}}},"branchMap":{}},"/Users/hagio/dev/node/ecommerce-api/server/api/users/controller.js":{"path":"/Users/hagio/dev/node/ecommerce-api/server/api/users/controller.js","s":{"1":1,"2":1,"3":1,"4":1,"5":1,"6":1,"7":3,"8":3,"9":3,"10":3,"11":3,"12":1,"13":2,"14":0,"15":2,"16":2,"17":0,"18":2,"19":2,"20":0,"21":2,"22":2,"23":1,"24":1,"25":1,"26":1,"27":1,"28":1,"29":0,"30":0,"31":0,"32":1,"33":0,"34":0,"35":0,"36":0,"37":0,"38":0},"b":{"1":[2,1],"2":[3,0],"3":[3,0],"4":[3,0],"5":[1,2],"6":[3,2,2,2],"7":[0,2],"8":[2,2],"9":[0,2],"10":[0,2],"11":[1,1],"12":[0,0]},"f":{},"fnMap":{},"statementMap":{"1":{"start":{"line":1,"column":0},"end":{"line":1,"column":33}},"2":{"start":{"line":3,"column":0},"end":{"line":3,"column":43}},"3":{"start":{"line":4,"column":0},"end":{"line":4,"column":55}},"4":{"start":{"line":5,"column":0},"end":{"line":5,"column":73}},"5":{"start":{"line":6,"column":0},"end":{"line":6,"column":67}},"6":{"start":{"line":13,"column":0},"end":{"line":82,"column":2}},"7":{"start":{"line":14,"column":2},"end":{"line":14,"column":75}},"8":{"start":{"line":15,"column":2},"end":{"line":15,"column":72}},"9":{"start":{"line":16,"column":2},"end":{"line":16,"column":60}},"10":{"start":{"line":17,"column":2},"end":{"line":17,"column":69}},"11":{"start":{"line":19,"column":2},"end":{"line":23,"column":3}},"12":{"start":{"line":20,"column":4},"end":{"line":22,"column":51}},"13":{"start":{"line":25,"column":2},"end":{"line":29,"column":3}},"14":{"start":{"line":26,"column":4},"end":{"line":28,"column":80}},"15":{"start":{"line":31,"column":2},"end":{"line":31,"column":52}},"16":{"start":{"line":32,"column":2},"end":{"line":36,"column":3}},"17":{"start":{"line":33,"column":4},"end":{"line":35,"column":45}},"18":{"start":{"line":38,"column":2},"end":{"line":38,"column":61}},"19":{"start":{"line":39,"column":2},"end":{"line":43,"column":3}},"20":{"start":{"line":40,"column":4},"end":{"line":42,"column":48}},"21":{"start":{"line":45,"column":2},"end":{"line":81,"column":7}},"22":{"start":{"line":47,"column":6},"end":{"line":51,"column":7}},"23":{"start":{"line":48,"column":8},"end":{"line":50,"column":61}},"24":{"start":{"line":53,"column":6},"end":{"line":53,"column":42}},"25":{"start":{"line":54,"column":6},"end":{"line":54,"column":51}},"26":{"start":{"line":56,"column":6},"end":{"line":61,"column":8}},"27":{"start":{"line":63,"column":6},"end":{"line":77,"column":11}},"28":{"start":{"line":65,"column":10},"end":{"line":72,"column":13}},"29":{"start":{"line":75,"column":10},"end":{"line":75,"column":55}},"30":{"start":{"line":76,"column":10},"end":{"line":76,"column":62}},"31":{"start":{"line":80,"column":6},"end":{"line":80,"column":58}},"32":{"start":{"line":84,"column":0},"end":{"line":110,"column":2}},"33":{"start":{"line":85,"column":2},"end":{"line":109,"column":7}},"34":{"start":{"line":87,"column":6},"end":{"line":94,"column":7}},"35":{"start":{"line":93,"column":8},"end":{"line":93,"column":63}},"36":{"start":{"line":97,"column":6},"end":{"line":104,"column":9}},"37":{"start":{"line":107,"column":6},"end":{"line":107,"column":51}},"38":{"start":{"line":108,"column":6},"end":{"line":108,"column":58}}},"branchMap":{"1":{"line":14,"type":"cond-expr","locations":[{"start":{"line":14,"column":43},"end":{"line":14,"column":69}},{"start":{"line":14,"column":72},"end":{"line":14,"column":74}}]},"2":{"line":15,"type":"cond-expr","locations":[{"start":{"line":15,"column":41},"end":{"line":15,"column":66}},{"start":{"line":15,"column":69},"end":{"line":15,"column":71}}]},"3":{"line":16,"type":"cond-expr","locations":[{"start":{"line":16,"column":33},"end":{"line":16,"column":54}},{"start":{"line":16,"column":57},"end":{"line":16,"column":59}}]},"4":{"line":17,"type":"cond-expr","locations":[{"start":{"line":17,"column":39},"end":{"line":17,"column":63}},{"start":{"line":17,"column":66},"end":{"line":17,"column":68}}]},"5":{"line":19,"type":"if","locations":[{"start":{"line":19,"column":2},"end":{"line":19,"column":2}},{"start":{"line":19,"column":2},"end":{"line":19,"column":2}}]},"6":{"line":19,"type":"binary-expr","locations":[{"start":{"line":19,"column":6},"end":{"line":19,"column":17}},{"start":{"line":19,"column":21},"end":{"line":19,"column":31}},{"start":{"line":19,"column":35},"end":{"line":19,"column":41}},{"start":{"line":19,"column":45},"end":{"line":19,"column":54}}]},"7":{"line":25,"type":"if","locations":[{"start":{"line":25,"column":2},"end":{"line":25,"column":2}},{"start":{"line":25,"column":2},"end":{"line":25,"column":2}}]},"8":{"line":25,"type":"binary-expr","locations":[{"start":{"line":25,"column":6},"end":{"line":25,"column":28}},{"start":{"line":25,"column":32},"end":{"line":25,"column":53}}]},"9":{"line":32,"type":"if","locations":[{"start":{"line":32,"column":2},"end":{"line":32,"column":2}},{"start":{"line":32,"column":2},"end":{"line":32,"column":2}}]},"10":{"line":39,"type":"if","locations":[{"start":{"line":39,"column":2},"end":{"line":39,"column":2}},{"start":{"line":39,"column":2},"end":{"line":39,"column":2}}]},"11":{"line":47,"type":"if","locations":[{"start":{"line":47,"column":6},"end":{"line":47,"column":6}},{"start":{"line":47,"column":6},"end":{"line":47,"column":6}}]},"12":{"line":87,"type":"if","locations":[{"start":{"line":87,"column":6},"end":{"line":87,"column":6}},{"start":{"line":87,"column":6},"end":{"line":87,"column":6}}]}}},"/Users/hagio/dev/node/ecommerce-api/server/auth/auth.js":{"path":"/Users/hagio/dev/node/ecommerce-api/server/auth/auth.js","s":{"1":1,"2":1,"3":1,"4":1,"5":1,"6":1,"7":1,"8":1,"9":0,"10":0,"11":0,"12":1,"13":0,"14":0,"15":0,"16":0,"17":0,"18":0,"19":0,"20":1,"21":1,"22":0,"23":0,"24":0,"25":0,"26":0,"27":0,"28":0,"29":0,"30":0,"31":0,"32":0,"33":0,"34":0,"35":0,"36":1,"37":1},"b":{"1":[0,0],"2":[0,0],"3":[0,0],"4":[0,0],"5":[0,0],"6":[0,0],"7":[0,0]},"f":{},"fnMap":{},"statementMap":{"1":{"start":{"line":1,"column":0},"end":{"line":1,"column":36}},"2":{"start":{"line":2,"column":0},"end":{"line":2,"column":42}},"3":{"start":{"line":3,"column":0},"end":{"line":3,"column":33}},"4":{"start":{"line":5,"column":0},"end":{"line":5,"column":43}},"5":{"start":{"line":6,"column":0},"end":{"line":6,"column":62}},"6":{"start":{"line":7,"column":0},"end":{"line":7,"column":40}},"7":{"start":{"line":10,"column":0},"end":{"line":25,"column":2}},"8":{"start":{"line":11,"column":2},"end":{"line":24,"column":4}},"9":{"start":{"line":17,"column":4},"end":{"line":19,"column":5}},"10":{"start":{"line":18,"column":6},"end":{"line":18,"column":69}},"11":{"start":{"line":23,"column":4},"end":{"line":23,"column":31}},"12":{"start":{"line":27,"column":0},"end":{"line":50,"column":2}},"13":{"start":{"line":28,"column":2},"end":{"line":49,"column":4}},"14":{"start":{"line":29,"column":4},"end":{"line":48,"column":9}},"15":{"start":{"line":31,"column":8},"end":{"line":44,"column":9}},"16":{"start":{"line":37,"column":10},"end":{"line":37,"column":47}},"17":{"start":{"line":41,"column":10},"end":{"line":41,"column":26}},"18":{"start":{"line":43,"column":10},"end":{"line":43,"column":17}},"19":{"start":{"line":47,"column":8},"end":{"line":47,"column":18}},"20":{"start":{"line":53,"column":0},"end":{"line":93,"column":2}},"21":{"start":{"line":54,"column":2},"end":{"line":92,"column":4}},"22":{"start":{"line":55,"column":4},"end":{"line":55,"column":33}},"23":{"start":{"line":56,"column":4},"end":{"line":56,"column":39}},"24":{"start":{"line":59,"column":4},"end":{"line":62,"column":5}},"25":{"start":{"line":60,"column":6},"end":{"line":60,"column":71}},"26":{"start":{"line":61,"column":6},"end":{"line":61,"column":13}},"27":{"start":{"line":66,"column":4},"end":{"line":91,"column":7}},"28":{"start":{"line":72,"column":6},"end":{"line":72,"column":41}},"29":{"start":{"line":73,"column":6},"end":{"line":87,"column":7}},"30":{"start":{"line":74,"column":8},"end":{"line":74,"column":72}},"31":{"start":{"line":77,"column":8},"end":{"line":86,"column":9}},"32":{"start":{"line":78,"column":10},"end":{"line":78,"column":64}},"33":{"start":{"line":84,"column":10},"end":{"line":84,"column":29}},"34":{"start":{"line":85,"column":10},"end":{"line":85,"column":17}},"35":{"start":{"line":90,"column":6},"end":{"line":90,"column":16}},"36":{"start":{"line":128,"column":0},"end":{"line":134,"column":2}},"37":{"start":{"line":129,"column":2},"end":{"line":133,"column":4}}},"branchMap":{"1":{"line":17,"type":"if","locations":[{"start":{"line":17,"column":4},"end":{"line":17,"column":4}},{"start":{"line":17,"column":4},"end":{"line":17,"column":4}}]},"2":{"line":17,"type":"binary-expr","locations":[{"start":{"line":17,"column":8},"end":{"line":17,"column":17}},{"start":{"line":17,"column":21},"end":{"line":17,"column":61}}]},"3":{"line":31,"type":"if","locations":[{"start":{"line":31,"column":8},"end":{"line":31,"column":8}},{"start":{"line":31,"column":8},"end":{"line":31,"column":8}}]},"4":{"line":59,"type":"if","locations":[{"start":{"line":59,"column":4},"end":{"line":59,"column":4}},{"start":{"line":59,"column":4},"end":{"line":59,"column":4}}]},"5":{"line":59,"type":"binary-expr","locations":[{"start":{"line":59,"column":8},"end":{"line":59,"column":14}},{"start":{"line":59,"column":18},"end":{"line":59,"column":27}}]},"6":{"line":73,"type":"if","locations":[{"start":{"line":73,"column":6},"end":{"line":73,"column":6}},{"start":{"line":73,"column":6},"end":{"line":73,"column":6}}]},"7":{"line":77,"type":"if","locations":[{"start":{"line":77,"column":8},"end":{"line":77,"column":8}},{"start":{"line":77,"column":8},"end":{"line":77,"column":8}}]}}},"/Users/hagio/dev/node/ecommerce-api/server/config/config.js":{"path":"/Users/hagio/dev/node/ecommerce-api/server/config/config.js","s":{"1":1,"2":1,"3":1,"4":1},"b":{"1":[1,1],"2":[1,1],"3":[1,0]},"f":{},"fnMap":{},"statementMap":{"1":{"start":{"line":1,"column":0},"end":{"line":11,"column":2}},"2":{"start":{"line":14,"column":0},"end":{"line":14,"column":58}},"3":{"start":{"line":15,"column":0},"end":{"line":15,"column":34}},"4":{"start":{"line":17,"column":0},"end":{"line":17,"column":24}}},"branchMap":{"1":{"line":5,"type":"binary-expr","locations":[{"start":{"line":5,"column":8},"end":{"line":5,"column":24}},{"start":{"line":5,"column":28},"end":{"line":5,"column":32}}]},"2":{"line":9,"type":"binary-expr","locations":[{"start":{"line":9,"column":9},"end":{"line":9,"column":24}},{"start":{"line":9,"column":28},"end":{"line":9,"column":45}}]},"3":{"line":14,"type":"binary-expr","locations":[{"start":{"line":14,"column":23},"end":{"line":14,"column":43}},{"start":{"line":14,"column":47},"end":{"line":14,"column":57}}]}}},"/Users/hagio/dev/node/ecommerce-api/server/utils/helpers.js":{"path":"/Users/hagio/dev/node/ecommerce-api/server/utils/helpers.js","s":{"1":1,"2":2,"3":2,"4":2,"5":2,"6":0,"7":2,"8":0,"9":2,"10":1,"11":2,"12":2,"13":0,"14":2,"15":0,"16":2,"17":0,"18":2,"19":0,"20":2,"21":0,"22":2,"23":0,"24":2,"25":1,"26":3,"27":3,"28":1,"29":2,"30":1,"31":1,"32":3},"b":{"1":[0,2],"2":[0,2],"3":[2,2],"4":[0,2],"5":[0,2],"6":[0,2],"7":[0,2],"8":[0,2],"9":[0,2],"10":[1,2],"11":[1,1]},"f":{"1":2,"2":2,"3":3},"fnMap":{"1":{"name":"(anonymous_1)","line":1,"loc":{"start":{"line":1,"column":24},"end":{"line":1,"column":40}}},"2":{"name":"(anonymous_2)","line":17,"loc":{"start":{"line":17,"column":27},"end":{"line":17,"column":46}}},"3":{"name":"(anonymous_3)","line":47,"loc":{"start":{"line":47,"column":31},"end":{"line":47,"column":53}}}},"statementMap":{"1":{"start":{"line":1,"column":0},"end":{"line":15,"column":2}},"2":{"start":{"line":2,"column":2},"end":{"line":2,"column":24}},"3":{"start":{"line":3,"column":2},"end":{"line":3,"column":31}},"4":{"start":{"line":4,"column":2},"end":{"line":4,"column":36}},"5":{"start":{"line":6,"column":2},"end":{"line":8,"column":3}},"6":{"start":{"line":7,"column":4},"end":{"line":7,"column":75}},"7":{"start":{"line":10,"column":2},"end":{"line":12,"column":3}},"8":{"start":{"line":11,"column":4},"end":{"line":11,"column":53}},"9":{"start":{"line":14,"column":2},"end":{"line":14,"column":22}},"10":{"start":{"line":17,"column":0},"end":{"line":45,"column":2}},"11":{"start":{"line":18,"column":2},"end":{"line":18,"column":27}},"12":{"start":{"line":20,"column":2},"end":{"line":22,"column":3}},"13":{"start":{"line":21,"column":4},"end":{"line":21,"column":56}},"14":{"start":{"line":24,"column":2},"end":{"line":26,"column":3}},"15":{"start":{"line":25,"column":4},"end":{"line":25,"column":56}},"16":{"start":{"line":28,"column":2},"end":{"line":30,"column":3}},"17":{"start":{"line":29,"column":4},"end":{"line":29,"column":62}},"18":{"start":{"line":32,"column":2},"end":{"line":34,"column":3}},"19":{"start":{"line":33,"column":4},"end":{"line":33,"column":45}},"20":{"start":{"line":36,"column":2},"end":{"line":38,"column":3}},"21":{"start":{"line":37,"column":4},"end":{"line":37,"column":55}},"22":{"start":{"line":40,"column":2},"end":{"line":42,"column":3}},"23":{"start":{"line":41,"column":4},"end":{"line":41,"column":56}},"24":{"start":{"line":44,"column":2},"end":{"line":44,"column":23}},"25":{"start":{"line":47,"column":0},"end":{"line":57,"column":2}},"26":{"start":{"line":48,"column":2},"end":{"line":48,"column":24}},"27":{"start":{"line":49,"column":2},"end":{"line":55,"column":3}},"28":{"start":{"line":50,"column":4},"end":{"line":50,"column":63}},"29":{"start":{"line":51,"column":9},"end":{"line":55,"column":3}},"30":{"start":{"line":52,"column":4},"end":{"line":52,"column":39}},"31":{"start":{"line":54,"column":4},"end":{"line":54,"column":22}},"32":{"start":{"line":56,"column":2},"end":{"line":56,"column":22}}},"branchMap":{"1":{"line":6,"type":"if","locations":[{"start":{"line":6,"column":2},"end":{"line":6,"column":2}},{"start":{"line":6,"column":2},"end":{"line":6,"column":2}}]},"2":{"line":10,"type":"if","locations":[{"start":{"line":10,"column":2},"end":{"line":10,"column":2}},{"start":{"line":10,"column":2},"end":{"line":10,"column":2}}]},"3":{"line":10,"type":"binary-expr","locations":[{"start":{"line":10,"column":6},"end":{"line":10,"column":31}},{"start":{"line":10,"column":35},"end":{"line":10,"column":60}}]},"4":{"line":20,"type":"if","locations":[{"start":{"line":20,"column":2},"end":{"line":20,"column":2}},{"start":{"line":20,"column":2},"end":{"line":20,"column":2}}]},"5":{"line":24,"type":"if","locations":[{"start":{"line":24,"column":2},"end":{"line":24,"column":2}},{"start":{"line":24,"column":2},"end":{"line":24,"column":2}}]},"6":{"line":28,"type":"if","locations":[{"start":{"line":28,"column":2},"end":{"line":28,"column":2}},{"start":{"line":28,"column":2},"end":{"line":28,"column":2}}]},"7":{"line":32,"type":"if","locations":[{"start":{"line":32,"column":2},"end":{"line":32,"column":2}},{"start":{"line":32,"column":2},"end":{"line":32,"column":2}}]},"8":{"line":36,"type":"if","locations":[{"start":{"line":36,"column":2},"end":{"line":36,"column":2}},{"start":{"line":36,"column":2},"end":{"line":36,"column":2}}]},"9":{"line":40,"type":"if","locations":[{"start":{"line":40,"column":2},"end":{"line":40,"column":2}},{"start":{"line":40,"column":2},"end":{"line":40,"column":2}}]},"10":{"line":49,"type":"if","locations":[{"start":{"line":49,"column":2},"end":{"line":49,"column":2}},{"start":{"line":49,"column":2},"end":{"line":49,"column":2}}]},"11":{"line":51,"type":"if","locations":[{"start":{"line":51,"column":9},"end":{"line":51,"column":9}},{"start":{"line":51,"column":9},"end":{"line":51,"column":9}}]}}},"/Users/hagio/dev/node/ecommerce-api/server/api/admin/routes.js":{"path":"/Users/hagio/dev/node/ecommerce-api/server/api/admin/routes.js","s":{"1":1,"2":1,"3":1,"4":1,"5":1},"b":{},"f":{},"fnMap":{},"statementMap":{"1":{"start":{"line":1,"column":0},"end":{"line":1,"column":43}},"2":{"start":{"line":2,"column":0},"end":{"line":2,"column":43}},"3":{"start":{"line":6,"column":0},"end":{"line":7,"column":34}},"4":{"start":{"line":9,"column":0},"end":{"line":11,"column":36}},"5":{"start":{"line":13,"column":0},"end":{"line":13,"column":24}}},"branchMap":{}},"/Users/hagio/dev/node/ecommerce-api/server/api/admin/controller.js":{"path":"/Users/hagio/dev/node/ecommerce-api/server/api/admin/controller.js","s":{"1":1,"2":1,"3":0,"4":0,"5":0,"6":0,"7":0,"8":0,"9":0,"10":0,"11":0,"12":0,"13":1,"14":0,"15":0,"16":0,"17":0,"18":0,"19":0,"20":0,"21":0,"22":1,"23":0,"24":0,"25":0,"26":0,"27":0,"28":0,"29":0},"b":{"1":[0,0],"2":[0,0],"3":[0,0],"4":[0,0,0],"5":[0,0],"6":[0,0],"7":[0,0]},"f":{},"fnMap":{},"statementMap":{"1":{"start":{"line":1,"column":0},"end":{"line":1,"column":49}},"2":{"start":{"line":3,"column":0},"end":{"line":28,"column":2}},"3":{"start":{"line":4,"column":2},"end":{"line":4,"column":57}},"4":{"start":{"line":5,"column":2},"end":{"line":5,"column":78}},"5":{"start":{"line":6,"column":2},"end":{"line":6,"column":80}},"6":{"start":{"line":8,"column":2},"end":{"line":12,"column":3}},"7":{"start":{"line":9,"column":4},"end":{"line":11,"column":51}},"8":{"start":{"line":14,"column":2},"end":{"line":18,"column":4}},"9":{"start":{"line":22,"column":2},"end":{"line":27,"column":7}},"10":{"start":{"line":23,"column":18},"end":{"line":23,"column":32}},"11":{"start":{"line":25,"column":6},"end":{"line":25,"column":44}},"12":{"start":{"line":26,"column":6},"end":{"line":26,"column":58}},"13":{"start":{"line":30,"column":0},"end":{"line":53,"column":2}},"14":{"start":{"line":33,"column":2},"end":{"line":52,"column":7}},"15":{"start":{"line":35,"column":6},"end":{"line":39,"column":8}},"16":{"start":{"line":41,"column":6},"end":{"line":46,"column":11}},"17":{"start":{"line":42,"column":22},"end":{"line":42,"column":36}},"18":{"start":{"line":44,"column":10},"end":{"line":44,"column":52}},"19":{"start":{"line":45,"column":10},"end":{"line":45,"column":62}},"20":{"start":{"line":49,"column":6},"end":{"line":49,"column":57}},"21":{"start":{"line":50,"column":6},"end":{"line":50,"column":58}},"22":{"start":{"line":55,"column":0},"end":{"line":71,"column":2}},"23":{"start":{"line":58,"column":2},"end":{"line":70,"column":7}},"24":{"start":{"line":60,"column":6},"end":{"line":65,"column":11}},"25":{"start":{"line":61,"column":22},"end":{"line":61,"column":36}},"26":{"start":{"line":63,"column":10},"end":{"line":63,"column":52}},"27":{"start":{"line":64,"column":10},"end":{"line":64,"column":62}},"28":{"start":{"line":68,"column":6},"end":{"line":68,"column":57}},"29":{"start":{"line":69,"column":6},"end":{"line":69,"column":58}}},"branchMap":{"1":{"line":4,"type":"cond-expr","locations":[{"start":{"line":4,"column":31},"end":{"line":4,"column":51}},{"start":{"line":4,"column":54},"end":{"line":4,"column":56}}]},"2":{"line":5,"type":"cond-expr","locations":[{"start":{"line":5,"column":45},"end":{"line":5,"column":72}},{"start":{"line":5,"column":75},"end":{"line":5,"column":77}}]},"3":{"line":8,"type":"if","locations":[{"start":{"line":8,"column":2},"end":{"line":8,"column":2}},{"start":{"line":8,"column":2},"end":{"line":8,"column":2}}]},"4":{"line":8,"type":"binary-expr","locations":[{"start":{"line":8,"column":6},"end":{"line":8,"column":11}},{"start":{"line":8,"column":15},"end":{"line":8,"column":27}},{"start":{"line":8,"column":31},"end":{"line":8,"column":56}}]},"5":{"line":36,"type":"binary-expr","locations":[{"start":{"line":36,"column":14},"end":{"line":36,"column":27}},{"start":{"line":36,"column":31},"end":{"line":36,"column":43}}]},"6":{"line":37,"type":"binary-expr","locations":[{"start":{"line":37,"column":15},"end":{"line":37,"column":29}},{"start":{"line":37,"column":33},"end":{"line":37,"column":46}}]},"7":{"line":38,"type":"binary-expr","locations":[{"start":{"line":38,"column":21},"end":{"line":38,"column":41}},{"start":{"line":38,"column":45},"end":{"line":38,"column":64}}]}}},"/Users/hagio/dev/node/ecommerce-api/server/auth/routes.js":{"path":"/Users/hagio/dev/node/ecommerce-api/server/auth/routes.js","s":{"1":1,"2":1,"3":1,"4":1,"5":1,"6":1,"7":1,"8":1},"b":{},"f":{},"fnMap":{},"statementMap":{"1":{"start":{"line":1,"column":0},"end":{"line":1,"column":43}},"2":{"start":{"line":2,"column":0},"end":{"line":2,"column":48}},"3":{"start":{"line":3,"column":0},"end":{"line":3,"column":50}},"4":{"start":{"line":5,"column":0},"end":{"line":5,"column":43}},"5":{"start":{"line":6,"column":0},"end":{"line":6,"column":71}},"6":{"start":{"line":10,"column":0},"end":{"line":10,"column":56}},"7":{"start":{"line":13,"column":0},"end":{"line":13,"column":54}},"8":{"start":{"line":15,"column":0},"end":{"line":15,"column":24}}},"branchMap":{}},"/Users/hagio/dev/node/ecommerce-api/server/auth/controller.js":{"path":"/Users/hagio/dev/node/ecommerce-api/server/auth/controller.js","s":{"1":1,"2":1,"3":0,"4":0,"5":0},"b":{},"f":{},"fnMap":{},"statementMap":{"1":{"start":{"line":2,"column":0},"end":{"line":2,"column":46}},"2":{"start":{"line":4,"column":0},"end":{"line":23,"column":2}},"3":{"start":{"line":8,"column":2},"end":{"line":8,"column":46}},"4":{"start":{"line":10,"column":2},"end":{"line":10,"column":39}},"5":{"start":{"line":11,"column":2},"end":{"line":22,"column":5}}},"branchMap":{}},"/Users/hagio/dev/node/ecommerce-api/server/config/middlewares.js":{"path":"/Users/hagio/dev/node/ecommerce-api/server/config/middlewares.js","s":{"1":1,"2":1,"3":1,"4":1,"5":1,"6":1,"7":1,"8":1,"9":1,"10":1,"11":1,"12":1,"13":1,"14":1},"b":{},"f":{},"fnMap":{},"statementMap":{"1":{"start":{"line":2,"column":0},"end":{"line":2,"column":33}},"2":{"start":{"line":3,"column":0},"end":{"line":3,"column":42}},"3":{"start":{"line":4,"column":0},"end":{"line":4,"column":43}},"4":{"start":{"line":5,"column":0},"end":{"line":5,"column":33}},"5":{"start":{"line":6,"column":0},"end":{"line":6,"column":29}},"6":{"start":{"line":7,"column":0},"end":{"line":7,"column":44}},"7":{"start":{"line":9,"column":0},"end":{"line":17,"column":2}},"8":{"start":{"line":10,"column":2},"end":{"line":10,"column":25}},"9":{"start":{"line":11,"column":2},"end":{"line":11,"column":25}},"10":{"start":{"line":12,"column":2},"end":{"line":12,"column":29}},"11":{"start":{"line":13,"column":2},"end":{"line":13,"column":53}},"12":{"start":{"line":14,"column":2},"end":{"line":14,"column":20}},"13":{"start":{"line":15,"column":2},"end":{"line":15,"column":18}},"14":{"start":{"line":16,"column":2},"end":{"line":16,"column":22}}},"branchMap":{}}}