TN:
SF:/Users/hagio/dev/node/ecommerce-api/server/models/index.js
FNF:0
FNH:0
DA:1,1
DA:2,1
DA:3,1
DA:5,1
DA:6,1
DA:7,1
DA:8,1
DA:10,1
DA:11,1
DA:12,0
DA:14,1
DA:17,1
DA:19,4
DA:21,3
DA:22,3
DA:23,3
DA:26,1
DA:27,3
DA:28,0
DA:32,1
DA:33,1
DA:35,1
LF:22
LH:20
BRDA:6,1,0,1
BRDA:6,1,1,0
BRDA:11,2,0,0
BRDA:11,2,1,1
BRDA:19,3,0,4
BRDA:19,3,1,4
BRDA:21,4,0,0
BRDA:21,4,1,3
BRDA:27,5,0,0
BRDA:27,5,1,3
BRF:10
BRH:6
end_of_record
TN:
SF:/Users/hagio/dev/node/ecommerce-api/server/models/product.js
FNF:0
FNH:0
DA:1,1
DA:2,1
DA:37,1
LF:3
LH:3
BRF:0
BRH:0
end_of_record
TN:
SF:/Users/hagio/dev/node/ecommerce-api/server/models/review.js
FNF:0
FNH:0
DA:1,1
DA:2,1
DA:22,1
LF:3
LH:3
BRF:0
BRH:0
end_of_record
TN:
SF:/Users/hagio/dev/node/ecommerce-api/server/models/user.js
FNF:0
FNH:0
DA:1,1
DA:3,1
DA:4,1
DA:48,1
LF:4
LH:4
BRF:0
BRH:0
end_of_record
TN:
SF:/Users/hagio/dev/node/ecommerce-api/server/server.js
FNF:0
FNH:0
DA:1,1
DA:3,1
DA:4,1
DA:5,1
DA:8,1
DA:11,1
DA:12,1
DA:14,1
LF:8
LH:8
BRF:0
BRH:0
end_of_record
TN:
SF:/Users/hagio/dev/node/ecommerce-api/server/api/api.js
FNF:0
FNH:0
DA:1,1
DA:4,1
DA:5,1
DA:6,1
DA:8,1
LF:5
LH:5
BRF:0
BRH:0
end_of_record
TN:
SF:/Users/hagio/dev/node/ecommerce-api/server/api/products/routes.js
FNF:0
FNH:0
DA:1,1
DA:2,1
DA:4,1
DA:7,1
DA:10,1
LF:5
LH:5
BRF:0
BRH:0
end_of_record
TN:
SF:/Users/hagio/dev/node/ecommerce-api/server/api/products/controller.js
FNF:0
FNH:0
DA:1,1
DA:3,1
DA:4,1
DA:5,1
DA:7,0
DA:8,0
DA:12,1
DA:13,1
DA:14,1
DA:16,0
DA:17,0
LF:11
LH:7
BRF:0
BRH:0
end_of_record
TN:
SF:/Users/hagio/dev/node/ecommerce-api/server/api/users/routes.js
FNF:0
FNH:0
DA:1,1
DA:2,1
DA:4,1
DA:7,1
LF:4
LH:4
BRF:0
BRH:0
end_of_record
TN:
SF:/Users/hagio/dev/node/ecommerce-api/server/api/users/controller.js
FNF:0
FNH:0
DA:1,1
DA:3,1
DA:4,1
DA:5,1
DA:6,1
DA:13,1
DA:14,3
DA:15,3
DA:16,3
DA:17,3
DA:19,3
DA:20,1
DA:25,2
DA:26,0
DA:31,2
DA:32,2
DA:33,0
DA:38,2
DA:39,2
DA:40,0
DA:45,2
DA:47,2
DA:48,1
DA:53,1
DA:54,1
DA:56,1
DA:63,1
DA:65,1
DA:75,0
DA:76,0
DA:80,0
DA:84,1
DA:85,0
DA:87,0
DA:93,0
DA:97,0
DA:107,0
DA:108,0
LF:38
LH:26
BRDA:14,1,0,2
BRDA:14,1,1,1
BRDA:15,2,0,3
BRDA:15,2,1,0
BRDA:16,3,0,3
BRDA:16,3,1,0
BRDA:17,4,0,3
BRDA:17,4,1,0
BRDA:19,5,0,1
BRDA:19,5,1,2
BRDA:19,6,0,3
BRDA:19,6,1,2
BRDA:19,6,2,2
BRDA:19,6,3,2
BRDA:25,7,0,0
BRDA:25,7,1,2
BRDA:25,8,0,2
BRDA:25,8,1,2
BRDA:32,9,0,0
BRDA:32,9,1,2
BRDA:39,10,0,0
BRDA:39,10,1,2
BRDA:47,11,0,1
BRDA:47,11,1,1
BRDA:87,12,0,0
BRDA:87,12,1,0
BRF:26
BRH:18
end_of_record
TN:
SF:/Users/hagio/dev/node/ecommerce-api/server/auth/auth.js
FNF:0
FNH:0
DA:1,1
DA:2,1
DA:3,1
DA:5,1
DA:6,1
DA:7,1
DA:10,1
DA:11,1
DA:17,0
DA:18,0
DA:23,0
DA:27,1
DA:28,0
DA:29,0
DA:31,0
DA:37,0
DA:41,0
DA:43,0
DA:47,0
DA:53,1
DA:54,1
DA:55,0
DA:56,0
DA:59,0
DA:60,0
DA:61,0
DA:66,0
DA:72,0
DA:73,0
DA:74,0
DA:77,0
DA:78,0
DA:84,0
DA:85,0
DA:90,0
DA:128,1
DA:129,1
LF:37
LH:13
BRDA:17,1,0,0
BRDA:17,1,1,0
BRDA:17,2,0,0
BRDA:17,2,1,0
BRDA:31,3,0,0
BRDA:31,3,1,0
BRDA:59,4,0,0
BRDA:59,4,1,0
BRDA:59,5,0,0
BRDA:59,5,1,0
BRDA:73,6,0,0
BRDA:73,6,1,0
BRDA:77,7,0,0
BRDA:77,7,1,0
BRF:14
BRH:0
end_of_record
TN:
SF:/Users/hagio/dev/node/ecommerce-api/server/config/config.js
FNF:0
FNH:0
DA:1,1
DA:14,1
DA:15,1
DA:17,1
LF:4
LH:4
BRDA:5,1,0,1
BRDA:5,1,1,1
BRDA:9,2,0,1
BRDA:9,2,1,1
BRDA:14,3,0,1
BRDA:14,3,1,0
BRF:6
BRH:5
end_of_record
TN:
SF:/Users/hagio/dev/node/ecommerce-api/server/utils/helpers.js
FN:1,(anonymous_1)
FN:17,(anonymous_2)
FN:47,(anonymous_3)
FNF:3
FNH:3
FNDA:4,(anonymous_1)
FNDA:9,(anonymous_2)
FNDA:3,(anonymous_3)
DA:1,1
DA:2,4
DA:3,4
DA:4,4
DA:6,4
DA:7,1
DA:10,4
DA:11,1
DA:14,4
DA:17,1
DA:18,9
DA:20,9
DA:21,1
DA:24,9
DA:25,1
DA:28,9
DA:29,1
DA:32,9
DA:33,1
DA:36,9
DA:37,1
DA:40,9
DA:41,1
DA:44,9
DA:47,1
DA:48,3
DA:49,3
DA:50,1
DA:51,2
DA:52,1
DA:54,1
DA:56,3
LF:32
LH:32
BRDA:6,1,0,1
BRDA:6,1,1,3
BRDA:10,2,0,1
BRDA:10,2,1,3
BRDA:10,3,0,4
BRDA:10,3,1,3
BRDA:20,4,0,1
BRDA:20,4,1,8
BRDA:24,5,0,1
BRDA:24,5,1,8
BRDA:28,6,0,1
BRDA:28,6,1,8
BRDA:32,7,0,1
BRDA:32,7,1,8
BRDA:36,8,0,1
BRDA:36,8,1,8
BRDA:40,9,0,1
BRDA:40,9,1,8
BRDA:49,10,0,1
BRDA:49,10,1,2
BRDA:51,11,0,1
BRDA:51,11,1,1
BRF:22
BRH:22
end_of_record
TN:
SF:/Users/hagio/dev/node/ecommerce-api/server/api/admin/routes.js
FNF:0
FNH:0
DA:1,1
DA:2,1
DA:6,1
DA:9,1
DA:13,1
LF:5
LH:5
BRF:0
BRH:0
end_of_record
TN:
SF:/Users/hagio/dev/node/ecommerce-api/server/api/admin/controller.js
FNF:0
FNH:0
DA:1,1
DA:3,1
DA:4,0
DA:5,0
DA:6,0
DA:8,0
DA:9,0
DA:14,0
DA:22,0
DA:23,0
DA:25,0
DA:26,0
DA:30,1
DA:33,0
DA:35,0
DA:41,0
DA:42,0
DA:44,0
DA:45,0
DA:49,0
DA:50,0
DA:55,1
DA:58,0
DA:60,0
DA:61,0
DA:63,0
DA:64,0
DA:68,0
DA:69,0
LF:29
LH:4
BRDA:4,1,0,0
BRDA:4,1,1,0
BRDA:5,2,0,0
BRDA:5,2,1,0
BRDA:8,3,0,0
BRDA:8,3,1,0
BRDA:8,4,0,0
BRDA:8,4,1,0
BRDA:8,4,2,0
BRDA:36,5,0,0
BRDA:36,5,1,0
BRDA:37,6,0,0
BRDA:37,6,1,0
BRDA:38,7,0,0
BRDA:38,7,1,0
BRF:15
BRH:0
end_of_record
TN:
SF:/Users/hagio/dev/node/ecommerce-api/server/auth/routes.js
FNF:0
FNH:0
DA:1,1
DA:2,1
DA:3,1
DA:5,1
DA:6,1
DA:10,1
DA:13,1
DA:15,1
LF:8
LH:8
BRF:0
BRH:0
end_of_record
TN:
SF:/Users/hagio/dev/node/ecommerce-api/server/auth/controller.js
FNF:0
FNH:0
DA:2,1
DA:4,1
DA:8,0
DA:10,0
DA:11,0
LF:5
LH:2
BRF:0
BRH:0
end_of_record
TN:
SF:/Users/hagio/dev/node/ecommerce-api/server/config/middlewares.js
FNF:0
FNH:0
DA:2,1
DA:3,1
DA:4,1
DA:5,1
DA:6,1
DA:7,1
DA:9,1
DA:10,1
DA:11,1
DA:12,1
DA:13,1
DA:14,1
DA:15,1
DA:16,1
LF:14
LH:14
BRF:0
BRH:0
end_of_record
